2025-03-05 20:21:27,911 - CRITICAL - Missing file: shape_predictor_68_face_landmarks.dat. Download it from: http://dlib.net/files/shape_predictor_68_face_landmarks.dat.bz2
2025-03-05 20:21:54,396 - WARNING - No faces detected.
2025-03-05 20:21:58,000 - WARNING - No faces detected.
2025-03-05 20:22:01,496 - INFO - Blink detected. Performing click.
2025-03-05 20:22:06,426 - WARNING - No faces detected.
2025-03-05 20:22:06,616 - WARNING - No faces detected.
2025-03-05 20:22:06,817 - WARNING - No faces detected.
2025-03-05 20:22:07,215 - WARNING - No faces detected.
2025-03-05 20:22:08,039 - WARNING - No faces detected.
2025-03-05 20:22:10,647 - WARNING - No faces detected.
2025-03-05 20:22:11,498 - WARNING - No faces detected.
2025-03-05 20:22:11,924 - WARNING - No faces detected.
2025-03-05 20:22:12,125 - WARNING - No faces detected.
2025-03-05 20:22:12,327 - WARNING - No faces detected.
2025-03-05 20:22:15,314 - WARNING - No faces detected.
2025-03-05 20:22:15,497 - WARNING - No faces detected.
2025-03-05 20:22:16,089 - WARNING - No faces detected.
2025-03-05 20:22:18,059 - WARNING - No faces detected.
2025-03-05 20:22:19,652 - WARNING - No faces detected.
2025-03-05 20:22:19,853 - WARNING - No faces detected.
2025-03-05 20:22:20,038 - WARNING - No faces detected.
2025-03-05 20:22:20,244 - WARNING - No faces detected.
2025-03-05 20:22:20,435 - WARNING - No faces detected.
2025-03-05 20:22:20,635 - WARNING - No faces detected.
2025-03-05 20:22:20,819 - WARNING - No faces detected.
2025-03-05 20:22:21,839 - WARNING - No faces detected.
2025-03-05 20:22:22,641 - WARNING - No faces detected.
2025-03-05 20:22:22,838 - WARNING - No faces detected.
2025-03-05 20:22:24,646 - INFO - Blink detected. Performing click.
2025-03-05 20:22:28,018 - INFO - Blink detected. Performing click.
2025-03-05 20:30:00,903 - WARNING - No faces detected.
2025-03-05 20:30:01,136 - CRITICAL - Unexpected error occurred: cannot unpack non-iterable NoneType object
2025-03-05 20:30:01,427 - INFO - Program terminated gracefully.
2025-03-05 20:59:14,064 - WARNING - No faces detected.
2025-03-05 20:59:14,152 - WARNING - No faces detected.
2025-03-05 20:59:16,022 - INFO - Blink detected. Performing click.
2025-03-05 20:59:21,857 - WARNING - No faces detected.
2025-03-05 20:59:22,050 - WARNING - No faces detected.
2025-03-05 20:59:22,245 - WARNING - No faces detected.
2025-03-05 20:59:22,441 - WARNING - No faces detected.
2025-03-05 20:59:26,709 - WARNING - No faces detected.
2025-03-05 20:59:28,728 - INFO - Blink detected. Performing click.
2025-03-05 20:59:30,011 - WARNING - No faces detected.
2025-03-05 20:59:31,598 - INFO - Blink detected. Performing click.
2025-03-05 20:59:35,742 - WARNING - No faces detected.
2025-03-05 20:59:35,932 - WARNING - No faces detected.
2025-03-05 20:59:36,137 - WARNING - No faces detected.
2025-03-05 20:59:36,340 - WARNING - No faces detected.
2025-03-05 20:59:36,943 - WARNING - No faces detected.
2025-03-05 20:59:37,144 - WARNING - No faces detected.
2025-03-05 20:59:37,325 - WARNING - No faces detected.
2025-03-05 20:59:37,709 - WARNING - No faces detected.
2025-03-05 20:59:40,425 - WARNING - No faces detected.
2025-03-05 20:59:40,607 - WARNING - No faces detected.
2025-03-05 20:59:40,834 - WARNING - No faces detected.
2025-03-05 20:59:41,036 - WARNING - No faces detected.
2025-03-05 20:59:41,432 - WARNING - No faces detected.
2025-03-05 20:59:41,631 - WARNING - No faces detected.
2025-03-05 20:59:42,950 - WARNING - No faces detected.
2025-03-05 20:59:43,155 - WARNING - No faces detected.
2025-03-05 20:59:43,362 - WARNING - No faces detected.
2025-03-05 20:59:43,552 - WARNING - No faces detected.
2025-03-05 20:59:43,733 - WARNING - No faces detected.
2025-03-05 20:59:43,920 - WARNING - No faces detected.
2025-03-05 20:59:44,102 - WARNING - No faces detected.
2025-03-05 20:59:44,669 - WARNING - No faces detected.
2025-03-05 20:59:44,851 - WARNING - No faces detected.
2025-03-05 20:59:45,033 - WARNING - No faces detected.
2025-03-05 20:59:47,395 - WARNING - No faces detected.
2025-03-05 20:59:49,847 - WARNING - No faces detected.
2025-03-05 20:59:50,050 - WARNING - No faces detected.
2025-03-05 20:59:50,242 - WARNING - No faces detected.
2025-03-05 20:59:50,442 - WARNING - No faces detected.
2025-03-05 20:59:50,633 - WARNING - No faces detected.
2025-03-05 20:59:55,546 - INFO - Blink detected. Performing click.
2025-03-05 20:59:58,389 - INFO - Blink detected. Performing click.
2025-03-05 20:59:59,676 - WARNING - No faces detected.
2025-03-05 20:59:59,856 - WARNING - No faces detected.
2025-03-05 21:00:00,038 - WARNING - No faces detected.
2025-03-05 21:00:00,224 - WARNING - No faces detected.
2025-03-05 21:00:00,409 - WARNING - No faces detected.
2025-03-05 21:00:00,592 - WARNING - No faces detected.
2025-03-05 21:00:00,775 - WARNING - No faces detected.
2025-03-05 21:00:00,971 - WARNING - No faces detected.
2025-03-05 21:00:01,156 - WARNING - No faces detected.
2025-03-05 21:00:04,512 - INFO - Blink detected. Performing click.
2025-03-05 21:01:57,237 - WARNING - No faces detected.
2025-03-05 21:01:57,322 - WARNING - No faces detected.
2025-03-05 21:01:57,514 - WARNING - No faces detected.
2025-03-05 21:01:59,433 - INFO - Blink detected. Performing click.
2025-03-05 21:01:59,767 - INFO - Blink detected. Performing click.
2025-03-05 21:02:07,565 - WARNING - No faces detected.
2025-03-05 21:02:07,669 - WARNING - No faces detected.
2025-03-05 21:02:07,788 - WARNING - No faces detected.
2025-03-05 21:02:07,979 - WARNING - No faces detected.
2025-03-05 21:02:08,062 - WARNING - No faces detected.
2025-03-05 21:02:08,144 - WARNING - No faces detected.
2025-03-05 21:02:08,222 - WARNING - No faces detected.
2025-03-05 21:02:08,299 - WARNING - No faces detected.
2025-03-05 21:02:08,385 - WARNING - No faces detected.
2025-03-05 21:02:08,478 - WARNING - No faces detected.
2025-03-05 21:02:08,635 - WARNING - No faces detected.
2025-03-05 21:02:08,761 - WARNING - No faces detected.
2025-03-05 21:02:08,841 - WARNING - No faces detected.
2025-03-05 21:02:08,920 - WARNING - No faces detected.
2025-03-05 21:02:09,000 - WARNING - No faces detected.
2025-03-05 21:02:09,080 - WARNING - No faces detected.
2025-03-05 21:02:09,157 - WARNING - No faces detected.
2025-03-05 21:02:09,236 - WARNING - No faces detected.
2025-03-05 21:02:09,313 - WARNING - No faces detected.
2025-03-05 21:02:09,392 - WARNING - No faces detected.
2025-03-05 21:02:09,470 - WARNING - No faces detected.
2025-03-05 21:02:09,563 - WARNING - No faces detected.
2025-03-05 21:02:09,644 - WARNING - No faces detected.
2025-03-05 21:02:09,729 - WARNING - No faces detected.
2025-03-05 21:02:09,817 - WARNING - No faces detected.
2025-03-05 21:02:09,950 - WARNING - No faces detected.
2025-03-05 21:02:10,102 - WARNING - No faces detected.
2025-03-05 21:05:23,410 - WARNING - No faces detected.
2025-03-05 21:05:23,531 - WARNING - No faces detected.
2025-03-05 21:05:23,608 - WARNING - No faces detected.
2025-03-05 21:05:23,692 - WARNING - No faces detected.
2025-03-05 21:05:23,765 - WARNING - No faces detected.
2025-03-05 21:05:23,842 - WARNING - No faces detected.
2025-03-05 21:05:23,916 - WARNING - No faces detected.
2025-03-05 21:05:23,991 - WARNING - No faces detected.
2025-03-05 21:05:24,066 - WARNING - No faces detected.
2025-03-05 21:05:24,140 - WARNING - No faces detected.
2025-03-05 21:05:24,213 - WARNING - No faces detected.
2025-03-05 21:05:24,285 - WARNING - No faces detected.
2025-03-05 21:05:24,357 - WARNING - No faces detected.
2025-03-05 21:05:24,429 - WARNING - No faces detected.
2025-03-05 21:05:24,501 - WARNING - No faces detected.
2025-03-05 21:05:24,573 - WARNING - No faces detected.
2025-03-05 21:05:24,645 - WARNING - No faces detected.
2025-03-05 21:05:24,720 - WARNING - No faces detected.
2025-03-05 21:05:24,792 - WARNING - No faces detected.
2025-03-05 21:05:24,867 - WARNING - No faces detected.
2025-03-05 21:05:24,943 - WARNING - No faces detected.
2025-03-05 21:05:25,090 - WARNING - No faces detected.
2025-03-05 21:05:25,163 - WARNING - No faces detected.
2025-03-05 21:05:25,237 - WARNING - No faces detected.
2025-03-05 21:05:26,519 - WARNING - No faces detected.
2025-03-05 21:05:26,591 - WARNING - No faces detected.
2025-03-05 21:05:26,664 - WARNING - No faces detected.
2025-03-05 21:05:26,737 - WARNING - No faces detected.
2025-03-05 21:05:26,886 - WARNING - No faces detected.
2025-03-05 21:05:34,493 - INFO - Blink detected. Performing click.
2025-03-05 21:05:34,724 - INFO - Blink detected. Performing click.
2025-03-05 21:05:34,905 - INFO - Blink detected. Performing click.
2025-03-05 21:05:35,087 - INFO - Blink detected. Performing click.
2025-03-05 21:05:41,294 - WARNING - No faces detected.
2025-03-05 21:05:41,445 - WARNING - No faces detected.
2025-03-05 21:05:41,524 - WARNING - No faces detected.
2025-03-05 21:05:41,630 - WARNING - No faces detected.
2025-03-05 21:05:41,727 - WARNING - No faces detected.
2025-03-05 21:05:41,811 - WARNING - No faces detected.
2025-03-05 21:06:00,264 - WARNING - No faces detected.
2025-03-05 21:06:04,187 - INFO - Blink detected. Performing click.
2025-03-05 21:06:07,624 - INFO - Blink detected. Performing click.
2025-03-05 21:06:07,869 - INFO - Blink detected. Performing click.
2025-03-05 21:06:08,044 - WARNING - No faces detected.
2025-03-05 21:06:08,124 - WARNING - No faces detected.
2025-03-05 21:06:08,207 - WARNING - No faces detected.
2025-03-05 21:06:08,282 - WARNING - No faces detected.
2025-03-05 21:06:08,365 - WARNING - No faces detected.
2025-03-05 21:06:08,442 - WARNING - No faces detected.
2025-03-05 21:06:08,521 - INFO - Blink detected. Performing click.
2025-03-05 21:06:08,955 - INFO - Blink detected. Performing click.
2025-03-05 21:06:09,223 - INFO - Blink detected. Performing click.
2025-03-05 21:06:09,413 - INFO - Blink detected. Performing click.
2025-03-05 21:06:10,778 - INFO - Blink detected. Performing click.
2025-03-05 21:06:11,446 - INFO - Blink detected. Performing click.
2025-03-05 21:06:11,791 - INFO - Blink detected. Performing click.
2025-03-05 21:06:11,984 - INFO - Blink detected. Performing click.
2025-03-05 21:06:12,182 - INFO - Blink detected. Performing click.
2025-03-05 21:06:12,384 - INFO - Blink detected. Performing click.
2025-03-05 21:06:12,574 - INFO - Blink detected. Performing click.
2025-03-05 21:06:12,757 - WARNING - No faces detected.
2025-03-05 21:06:12,835 - WARNING - No faces detected.
2025-03-05 21:06:12,910 - WARNING - No faces detected.
2025-03-05 21:06:12,985 - WARNING - No faces detected.
2025-03-05 21:06:13,066 - WARNING - No faces detected.
2025-03-05 21:06:13,139 - WARNING - No faces detected.
2025-03-05 21:06:13,217 - WARNING - No faces detected.
2025-03-05 21:06:13,290 - WARNING - No faces detected.
2025-03-05 21:06:13,363 - WARNING - No faces detected.
2025-03-05 21:06:13,438 - WARNING - No faces detected.
2025-03-05 21:06:13,511 - WARNING - No faces detected.
2025-03-05 21:06:13,587 - WARNING - No faces detected.
2025-03-05 21:06:13,660 - WARNING - No faces detected.
2025-03-05 21:06:13,737 - WARNING - No faces detected.
2025-03-05 21:06:13,810 - WARNING - No faces detected.
2025-03-05 21:06:13,885 - WARNING - No faces detected.
2025-03-05 21:06:13,960 - WARNING - No faces detected.
2025-03-05 21:06:14,035 - WARNING - No faces detected.
2025-03-05 21:06:14,110 - WARNING - No faces detected.
2025-03-05 21:06:14,186 - WARNING - No faces detected.
2025-03-05 21:06:14,261 - WARNING - No faces detected.
2025-03-05 21:06:14,335 - WARNING - No faces detected.
2025-03-05 21:06:14,409 - WARNING - No faces detected.
2025-03-05 21:06:14,485 - WARNING - No faces detected.
2025-03-05 21:06:14,559 - WARNING - No faces detected.
2025-03-05 21:06:14,633 - WARNING - No faces detected.
2025-03-05 21:06:14,708 - WARNING - No faces detected.
2025-03-05 21:06:14,783 - WARNING - No faces detected.
2025-03-05 21:06:14,857 - WARNING - No faces detected.
2025-03-05 21:06:14,935 - WARNING - No faces detected.
2025-03-05 21:06:15,008 - WARNING - No faces detected.
2025-03-05 21:06:15,081 - WARNING - No faces detected.
2025-03-05 21:06:15,164 - WARNING - No faces detected.
2025-03-05 21:06:15,239 - WARNING - No faces detected.
2025-03-05 21:06:15,312 - WARNING - No faces detected.
2025-03-05 21:06:15,390 - WARNING - No faces detected.
2025-03-05 21:06:15,466 - WARNING - No faces detected.
2025-03-05 21:06:15,541 - WARNING - No faces detected.
2025-03-05 21:06:15,616 - WARNING - No faces detected.
2025-03-05 21:06:15,692 - WARNING - No faces detected.
2025-03-05 21:06:15,767 - WARNING - No faces detected.
2025-03-05 21:06:15,840 - WARNING - No faces detected.
2025-03-05 21:06:15,915 - WARNING - No faces detected.
2025-03-05 21:06:15,995 - WARNING - No faces detected.
2025-03-05 21:06:16,068 - WARNING - No faces detected.
2025-03-05 21:06:16,144 - WARNING - No faces detected.
2025-03-05 21:06:16,216 - WARNING - No faces detected.
2025-03-05 21:06:16,288 - WARNING - No faces detected.
2025-03-05 21:06:16,361 - WARNING - No faces detected.
2025-03-05 21:06:16,437 - WARNING - No faces detected.
2025-03-05 21:06:16,509 - WARNING - No faces detected.
2025-03-05 21:06:16,583 - WARNING - No faces detected.
2025-03-05 21:06:16,661 - WARNING - No faces detected.
2025-03-05 21:06:16,737 - WARNING - No faces detected.
2025-03-05 21:06:16,812 - WARNING - No faces detected.
2025-03-05 21:06:16,887 - WARNING - No faces detected.
2025-03-05 21:06:16,963 - WARNING - No faces detected.
2025-03-05 21:06:17,037 - WARNING - No faces detected.
2025-03-05 21:06:17,114 - WARNING - No faces detected.
2025-03-05 21:06:17,192 - WARNING - No faces detected.
2025-03-05 21:06:17,269 - WARNING - No faces detected.
2025-03-05 21:06:17,344 - WARNING - No faces detected.
2025-03-05 21:06:17,419 - WARNING - No faces detected.
2025-03-05 21:06:17,497 - WARNING - No faces detected.
2025-03-05 21:06:17,576 - WARNING - No faces detected.
2025-03-05 21:06:17,661 - WARNING - No faces detected.
2025-03-05 21:06:17,736 - WARNING - No faces detected.
2025-03-05 21:06:17,813 - WARNING - No faces detected.
2025-03-05 21:06:17,887 - WARNING - No faces detected.
2025-03-05 21:06:17,961 - WARNING - No faces detected.
2025-03-05 21:06:18,039 - WARNING - No faces detected.
2025-03-05 21:06:18,114 - WARNING - No faces detected.
2025-03-05 21:06:18,188 - WARNING - No faces detected.
2025-03-05 21:06:18,260 - WARNING - No faces detected.
2025-03-05 21:06:18,335 - WARNING - No faces detected.
2025-03-05 21:06:18,409 - WARNING - No faces detected.
2025-03-05 21:06:18,483 - WARNING - No faces detected.
2025-03-05 21:06:18,557 - WARNING - No faces detected.
2025-03-05 21:06:18,670 - WARNING - No faces detected.
2025-03-05 21:06:18,747 - WARNING - No faces detected.
2025-03-05 21:06:18,821 - WARNING - No faces detected.
2025-03-05 21:06:18,895 - WARNING - No faces detected.
2025-03-05 21:06:18,968 - WARNING - No faces detected.
2025-03-05 21:06:19,043 - WARNING - No faces detected.
2025-03-05 21:06:19,118 - WARNING - No faces detected.
2025-03-05 21:06:19,191 - WARNING - No faces detected.
2025-03-05 21:06:20,285 - WARNING - No faces detected.
2025-03-05 21:06:20,358 - WARNING - No faces detected.
2025-03-05 21:06:20,435 - WARNING - No faces detected.
2025-03-05 21:06:20,667 - INFO - Blink detected. Performing click.
2025-03-05 21:06:23,009 - INFO - Blink detected. Performing click.
2025-03-05 21:06:23,189 - INFO - Blink detected. Performing click.
2025-03-05 21:06:23,447 - INFO - Blink detected. Performing click.
2025-03-05 21:06:23,816 - WARNING - No faces detected.
2025-03-05 21:06:23,913 - INFO - Blink detected. Performing click.
2025-03-05 21:06:24,099 - INFO - Blink detected. Performing click.
2025-03-05 21:06:24,291 - INFO - Blink detected. Performing click.
2025-03-05 21:06:24,476 - INFO - Blink detected. Performing click.
2025-03-05 21:06:24,665 - INFO - Blink detected. Performing click.
2025-03-05 21:06:24,866 - INFO - Blink detected. Performing click.
2025-03-05 21:06:25,296 - INFO - Blink detected. Performing click.
2025-03-05 21:06:25,712 - INFO - Blink detected. Performing click.
2025-03-05 21:06:26,141 - INFO - Blink detected. Performing click.
2025-03-05 21:06:26,398 - INFO - Blink detected. Performing click.
2025-03-05 21:06:27,307 - INFO - Blink detected. Performing click.
2025-03-05 21:06:28,146 - INFO - Blink detected. Performing click.
2025-03-05 21:06:28,343 - INFO - Blink detected. Performing click.
2025-03-05 21:06:28,543 - INFO - Blink detected. Performing click.
2025-03-05 21:06:28,743 - INFO - Blink detected. Performing click.
2025-03-05 21:06:29,926 - WARNING - No faces detected.
2025-03-05 21:06:30,083 - WARNING - No faces detected.
2025-03-05 21:06:30,609 - INFO - Blink detected. Performing click.
2025-03-05 21:06:31,766 - INFO - Blink detected. Performing click.
2025-03-05 21:06:31,969 - WARNING - No faces detected.
2025-03-05 21:06:32,058 - WARNING - No faces detected.
2025-03-05 21:06:32,143 - WARNING - No faces detected.
2025-03-05 21:06:32,234 - WARNING - No faces detected.
2025-03-05 21:06:32,319 - WARNING - No faces detected.
2025-03-05 21:06:32,403 - WARNING - No faces detected.
2025-03-05 21:06:32,480 - WARNING - No faces detected.
2025-03-05 21:06:32,558 - WARNING - No faces detected.
2025-03-05 21:06:32,639 - WARNING - No faces detected.
2025-03-05 21:06:32,718 - WARNING - No faces detected.
2025-03-05 21:06:32,798 - WARNING - No faces detected.
2025-03-05 21:06:32,880 - WARNING - No faces detected.
2025-03-05 21:06:32,956 - WARNING - No faces detected.
2025-03-05 21:06:33,033 - WARNING - No faces detected.
2025-03-05 21:06:33,107 - WARNING - No faces detected.
2025-03-05 21:06:33,185 - WARNING - No faces detected.
2025-03-05 21:06:33,266 - INFO - Blink detected. Performing click.
2025-03-05 21:06:33,528 - WARNING - No faces detected.
2025-03-05 21:06:33,611 - WARNING - No faces detected.
2025-03-05 21:06:33,691 - WARNING - No faces detected.
2025-03-05 21:06:33,775 - WARNING - No faces detected.
2025-03-05 21:06:34,019 - WARNING - No faces detected.
2025-03-05 21:06:34,092 - WARNING - No faces detected.
2025-03-05 21:06:34,168 - WARNING - No faces detected.
2025-03-05 21:06:34,245 - WARNING - No faces detected.
2025-03-05 21:06:34,323 - WARNING - No faces detected.
2025-03-05 21:06:35,581 - WARNING - No faces detected.
2025-03-05 21:06:35,653 - WARNING - No faces detected.
2025-03-05 21:06:35,804 - INFO - Blink detected. Performing click.
2025-03-05 21:06:37,008 - WARNING - No faces detected.
2025-03-05 21:06:37,081 - WARNING - No faces detected.
2025-03-05 21:06:37,158 - WARNING - No faces detected.
2025-03-05 21:06:37,329 - WARNING - No faces detected.
2025-03-05 21:06:37,424 - WARNING - No faces detected.
2025-03-05 21:06:37,516 - WARNING - No faces detected.
2025-03-05 21:06:40,407 - INFO - Blink detected. Performing click.
2025-03-05 21:06:40,696 - INFO - Blink detected. Performing click.
2025-03-05 21:06:42,558 - INFO - Blink detected. Performing click.
2025-03-05 21:06:42,985 - INFO - Blink detected. Performing click.
2025-03-05 21:06:43,169 - INFO - Blink detected. Performing click.
2025-03-05 21:06:43,358 - INFO - Blink detected. Performing click.
2025-03-05 21:06:43,570 - INFO - Blink detected. Performing click.
2025-03-05 21:06:50,236 - INFO - Blink detected. Performing click.
2025-03-05 21:06:50,437 - INFO - Blink detected. Performing click.
2025-03-05 21:42:05,975 - WARNING - No faces detected.
2025-03-05 21:42:06,214 - WARNING - No faces detected.
2025-03-05 21:42:20,698 - INFO - Blink detected. Performing click.
2025-03-05 21:42:29,264 - WARNING - No faces detected.
2025-03-05 21:42:29,628 - WARNING - No faces detected.
2025-03-05 21:42:32,528 - WARNING - No faces detected.
2025-03-05 21:42:32,630 - WARNING - No faces detected.
2025-03-05 21:42:32,740 - WARNING - No faces detected.
2025-03-05 21:42:32,838 - WARNING - No faces detected.
2025-03-05 21:42:32,933 - WARNING - No faces detected.
2025-03-05 21:42:33,152 - WARNING - No faces detected.
2025-03-05 21:42:35,235 - WARNING - No faces detected.
2025-03-05 21:42:35,896 - WARNING - No faces detected.
2025-03-05 21:42:40,289 - WARNING - No faces detected.
2025-03-05 21:42:44,084 - INFO - Blink detected. Performing click.
2025-03-05 21:42:46,041 - INFO - Blink detected. Performing click.
2025-03-05 21:42:46,673 - INFO - Blink detected. Performing click.
2025-03-05 21:43:08,891 - WARNING - No faces detected.
2025-03-05 21:43:08,977 - WARNING - No faces detected.
2025-03-05 21:43:09,144 - WARNING - No faces detected.
2025-03-05 21:43:09,403 - WARNING - No faces detected.
2025-03-05 21:43:09,559 - WARNING - No faces detected.
2025-03-05 21:43:24,758 - INFO - Blink detected. Performing click.
2025-03-05 21:43:33,132 - INFO - Blink detected. Performing click.
2025-03-05 21:43:33,327 - INFO - Blink detected. Performing click.
2025-03-05 21:43:33,594 - INFO - Blink detected. Performing click.
2025-03-05 21:43:41,568 - INFO - Blink detected. Performing click.
2025-03-05 21:43:48,212 - INFO - Blink detected. Performing click.
2025-03-05 21:43:48,390 - INFO - Blink detected. Performing click.
2025-03-05 21:43:51,926 - INFO - Blink detected. Performing click.
2025-03-05 21:43:52,204 - INFO - Blink detected. Performing click.
2025-03-05 21:43:52,388 - WARNING - No faces detected.
2025-03-05 21:43:52,467 - WARNING - No faces detected.
2025-03-05 21:43:52,548 - WARNING - No faces detected.
2025-03-05 21:43:52,631 - WARNING - No faces detected.
2025-03-05 21:43:52,711 - WARNING - No faces detected.
2025-03-05 21:43:52,795 - WARNING - No faces detected.
2025-03-05 21:43:53,792 - INFO - Blink detected. Performing click.
2025-03-05 21:43:53,993 - INFO - Blink detected. Performing click.
2025-03-05 21:43:54,207 - WARNING - No faces detected.
2025-03-05 21:43:54,304 - WARNING - No faces detected.
2025-03-05 21:43:54,387 - WARNING - No faces detected.
2025-03-05 21:43:54,477 - WARNING - No faces detected.
2025-03-05 21:43:54,564 - WARNING - No faces detected.
2025-03-05 21:43:54,646 - WARNING - No faces detected.
2025-03-05 21:43:54,723 - WARNING - No faces detected.
2025-03-05 21:44:01,847 - WARNING - No faces detected.
2025-03-05 21:44:04,355 - WARNING - No faces detected.
2025-03-05 21:44:04,484 - WARNING - No faces detected.
2025-03-05 21:44:05,092 - WARNING - No faces detected.
2025-03-05 21:44:05,313 - WARNING - No faces detected.
2025-03-05 21:44:05,412 - WARNING - No faces detected.
2025-03-05 21:44:05,540 - WARNING - No faces detected.
2025-03-05 21:44:05,631 - WARNING - No faces detected.
2025-03-05 21:44:05,734 - WARNING - No faces detected.
2025-03-05 21:44:05,834 - WARNING - No faces detected.
2025-03-05 21:44:05,935 - WARNING - No faces detected.
2025-03-05 21:44:06,061 - WARNING - No faces detected.
2025-03-05 21:44:07,007 - INFO - Blink detected. Performing click.
2025-03-05 21:44:07,263 - INFO - Blink detected. Performing click.
2025-03-05 21:44:07,646 - INFO - Blink detected. Performing click.
2025-03-05 21:44:07,935 - INFO - Blink detected. Performing click.
2025-03-05 21:44:08,205 - INFO - Blink detected. Performing click.
2025-03-05 21:44:08,497 - WARNING - No faces detected.
2025-03-05 21:44:08,658 - WARNING - No faces detected.
2025-03-05 21:44:08,806 - WARNING - No faces detected.
2025-03-05 21:44:08,956 - WARNING - No faces detected.
2025-03-05 21:44:09,081 - WARNING - No faces detected.
2025-03-05 21:44:09,189 - WARNING - No faces detected.
2025-03-05 21:44:09,450 - INFO - Blink detected. Performing click.
2025-03-05 21:44:09,716 - INFO - Blink detected. Performing click.
2025-03-05 21:44:09,935 - WARNING - No faces detected.
2025-03-05 21:44:10,023 - WARNING - No faces detected.
2025-03-05 21:44:10,117 - WARNING - No faces detected.
2025-03-05 21:44:10,208 - WARNING - No faces detected.
2025-03-05 21:44:10,304 - WARNING - No faces detected.
2025-03-05 21:44:10,410 - WARNING - No faces detected.
2025-03-05 21:44:10,557 - WARNING - No faces detected.
2025-03-05 21:44:10,661 - WARNING - No faces detected.
2025-03-05 21:44:10,790 - WARNING - No faces detected.
2025-03-05 21:44:10,889 - WARNING - No faces detected.
2025-03-05 21:44:11,019 - WARNING - No faces detected.
2025-03-05 21:44:11,153 - WARNING - No faces detected.
2025-03-05 21:44:11,281 - WARNING - No faces detected.
2025-03-05 21:44:11,544 - WARNING - No faces detected.
2025-03-05 21:44:11,687 - WARNING - No faces detected.
2025-03-05 21:44:11,856 - WARNING - No faces detected.
2025-03-05 21:44:12,973 - WARNING - No faces detected.
2025-03-05 21:44:13,113 - WARNING - No faces detected.
2025-03-05 21:44:13,274 - WARNING - No faces detected.
2025-03-05 21:44:13,491 - WARNING - No faces detected.
2025-03-05 21:44:14,342 - INFO - Blink detected. Performing click.
2025-03-05 22:35:36,010 - WARNING - No faces detected.
2025-03-05 22:35:36,114 - WARNING - No faces detected.
2025-03-05 22:35:38,916 - WARNING - No faces detected.
2025-03-05 22:35:44,863 - INFO - Blink detected. Performing click.
2025-03-05 22:35:47,219 - INFO - Blink detected. Performing click.
2025-03-05 22:35:53,580 - INFO - Blink detected. Performing click.
2025-03-05 22:35:53,889 - INFO - Blink detected. Performing click.
2025-03-05 22:35:54,187 - INFO - Blink detected. Performing click.
2025-03-05 22:35:54,490 - INFO - Blink detected. Performing click.
2025-03-05 22:35:54,793 - INFO - Blink detected. Performing click.
2025-03-05 22:35:55,108 - INFO - Blink detected. Performing click.
2025-03-05 22:35:55,414 - INFO - Blink detected. Performing click.
2025-03-05 22:35:55,718 - INFO - Blink detected. Performing click.
2025-03-05 22:35:56,021 - INFO - Blink detected. Performing click.
2025-03-05 22:35:56,323 - WARNING - No faces detected.
2025-03-05 22:35:57,120 - WARNING - No faces detected.
2025-03-05 22:35:57,312 - WARNING - No faces detected.
2025-03-05 22:35:57,510 - WARNING - No faces detected.
2025-03-05 22:35:57,706 - WARNING - No faces detected.
2025-03-05 22:35:57,901 - WARNING - No faces detected.
2025-03-05 22:35:58,108 - WARNING - No faces detected.
2025-03-05 22:35:58,304 - WARNING - No faces detected.
2025-03-05 22:35:58,499 - WARNING - No faces detected.
2025-03-05 22:35:58,703 - WARNING - No faces detected.
2025-03-05 22:35:58,895 - WARNING - No faces detected.
2025-03-05 22:35:59,086 - WARNING - No faces detected.
2025-03-05 22:35:59,290 - WARNING - No faces detected.
2025-03-05 22:35:59,487 - WARNING - No faces detected.
2025-03-05 22:35:59,690 - WARNING - No faces detected.
2025-03-05 22:35:59,883 - WARNING - No faces detected.
2025-03-05 22:36:00,064 - WARNING - No faces detected.
2025-03-05 22:36:00,267 - WARNING - No faces detected.
2025-03-05 22:36:00,448 - WARNING - No faces detected.
2025-03-05 22:36:00,641 - WARNING - No faces detected.
2025-03-05 22:36:00,838 - WARNING - No faces detected.
2025-03-05 22:36:01,057 - WARNING - No faces detected.
2025-03-05 22:36:01,255 - WARNING - No faces detected.
2025-03-05 22:36:01,450 - WARNING - No faces detected.
2025-03-05 22:36:01,651 - WARNING - No faces detected.
2025-03-05 22:36:01,845 - WARNING - No faces detected.
2025-03-05 22:36:02,032 - WARNING - No faces detected.
2025-03-05 22:36:02,227 - WARNING - No faces detected.
2025-03-05 22:36:02,423 - WARNING - No faces detected.
2025-03-05 22:36:02,615 - WARNING - No faces detected.
2025-03-05 22:36:02,796 - WARNING - No faces detected.
2025-03-05 22:36:02,997 - WARNING - No faces detected.
2025-03-05 22:36:03,185 - WARNING - No faces detected.
2025-03-05 22:36:03,395 - WARNING - No faces detected.
2025-03-05 22:36:03,596 - WARNING - No faces detected.
2025-03-05 22:36:03,789 - WARNING - No faces detected.
2025-03-05 22:36:03,993 - WARNING - No faces detected.
2025-03-05 22:36:04,185 - WARNING - No faces detected.
2025-03-05 22:36:04,382 - WARNING - No faces detected.
2025-03-05 22:36:04,591 - WARNING - No faces detected.
2025-03-05 22:36:04,774 - WARNING - No faces detected.
2025-03-05 22:36:04,979 - WARNING - No faces detected.
2025-03-05 22:36:05,161 - WARNING - No faces detected.
2025-03-05 22:36:05,356 - WARNING - No faces detected.
2025-03-05 22:36:05,553 - WARNING - No faces detected.
2025-03-05 22:36:05,744 - WARNING - No faces detected.
2025-03-05 22:36:05,925 - WARNING - No faces detected.
2025-03-05 22:36:06,105 - WARNING - No faces detected.
2025-03-05 22:36:06,286 - WARNING - No faces detected.
2025-03-05 22:36:06,468 - WARNING - No faces detected.
2025-03-05 22:36:06,661 - WARNING - No faces detected.
2025-03-05 22:36:06,842 - WARNING - No faces detected.
2025-03-05 22:36:07,034 - WARNING - No faces detected.
2025-03-05 22:36:07,245 - WARNING - No faces detected.
2025-03-05 22:36:07,447 - WARNING - No faces detected.
2025-03-05 22:36:07,629 - WARNING - No faces detected.
2025-03-05 22:36:07,828 - WARNING - No faces detected.
2025-03-05 22:36:08,018 - WARNING - No faces detected.
2025-03-05 22:36:08,216 - WARNING - No faces detected.
2025-03-05 22:36:08,405 - WARNING - No faces detected.
2025-03-05 22:36:08,607 - WARNING - No faces detected.
2025-03-05 22:36:08,801 - WARNING - No faces detected.
2025-03-05 22:36:08,998 - WARNING - No faces detected.
2025-03-05 22:36:09,190 - WARNING - No faces detected.
2025-03-05 22:36:09,389 - WARNING - No faces detected.
2025-03-05 22:36:09,581 - WARNING - No faces detected.
2025-03-05 22:36:09,785 - WARNING - No faces detected.
2025-03-05 22:36:09,990 - WARNING - No faces detected.
2025-03-05 22:36:10,182 - WARNING - No faces detected.
2025-03-05 22:36:10,191 - ERROR - Error in eye navigation: PyAutoGUI fail-safe triggered from mouse moving to a corner of the screen. To disable this fail-safe, set pyautogui.FAILSAFE to False. DISABLING FAIL-SAFE IS NOT RECOMMENDED.
2025-03-05 22:36:10,263 - WARNING - No faces detected.
2025-03-05 22:36:10,272 - ERROR - Error in eye navigation: PyAutoGUI fail-safe triggered from mouse moving to a corner of the screen. To disable this fail-safe, set pyautogui.FAILSAFE to False. DISABLING FAIL-SAFE IS NOT RECOMMENDED.
2025-03-05 22:36:10,343 - WARNING - No faces detected.
2025-03-05 22:36:10,353 - ERROR - Error in eye navigation: PyAutoGUI fail-safe triggered from mouse moving to a corner of the screen. To disable this fail-safe, set pyautogui.FAILSAFE to False. DISABLING FAIL-SAFE IS NOT RECOMMENDED.
2025-03-05 22:36:10,424 - WARNING - No faces detected.
2025-03-05 22:36:10,433 - ERROR - Error in eye navigation: PyAutoGUI fail-safe triggered from mouse moving to a corner of the screen. To disable this fail-safe, set pyautogui.FAILSAFE to False. DISABLING FAIL-SAFE IS NOT RECOMMENDED.
2025-03-05 22:36:10,502 - WARNING - No faces detected.
2025-03-05 22:36:10,512 - ERROR - Error in eye navigation: PyAutoGUI fail-safe triggered from mouse moving to a corner of the screen. To disable this fail-safe, set pyautogui.FAILSAFE to False. DISABLING FAIL-SAFE IS NOT RECOMMENDED.
2025-03-05 22:36:10,582 - WARNING - No faces detected.
2025-03-05 22:36:10,592 - ERROR - Error in eye navigation: PyAutoGUI fail-safe triggered from mouse moving to a corner of the screen. To disable this fail-safe, set pyautogui.FAILSAFE to False. DISABLING FAIL-SAFE IS NOT RECOMMENDED.
2025-03-05 22:36:10,665 - WARNING - No faces detected.
2025-03-05 22:36:10,674 - ERROR - Error in eye navigation: PyAutoGUI fail-safe triggered from mouse moving to a corner of the screen. To disable this fail-safe, set pyautogui.FAILSAFE to False. DISABLING FAIL-SAFE IS NOT RECOMMENDED.
2025-03-05 22:36:10,743 - WARNING - No faces detected.
2025-03-05 22:36:10,754 - ERROR - Error in eye navigation: PyAutoGUI fail-safe triggered from mouse moving to a corner of the screen. To disable this fail-safe, set pyautogui.FAILSAFE to False. DISABLING FAIL-SAFE IS NOT RECOMMENDED.
2025-03-05 22:36:10,824 - WARNING - No faces detected.
2025-03-05 22:36:10,833 - ERROR - Error in eye navigation: PyAutoGUI fail-safe triggered from mouse moving to a corner of the screen. To disable this fail-safe, set pyautogui.FAILSAFE to False. DISABLING FAIL-SAFE IS NOT RECOMMENDED.
2025-03-05 22:36:10,903 - WARNING - No faces detected.
2025-03-05 22:36:10,912 - ERROR - Error in eye navigation: PyAutoGUI fail-safe triggered from mouse moving to a corner of the screen. To disable this fail-safe, set pyautogui.FAILSAFE to False. DISABLING FAIL-SAFE IS NOT RECOMMENDED.
2025-03-05 22:36:10,983 - WARNING - No faces detected.
2025-03-05 22:36:10,992 - ERROR - Error in eye navigation: PyAutoGUI fail-safe triggered from mouse moving to a corner of the screen. To disable this fail-safe, set pyautogui.FAILSAFE to False. DISABLING FAIL-SAFE IS NOT RECOMMENDED.
2025-03-05 22:36:11,063 - WARNING - No faces detected.
2025-03-05 22:36:11,072 - ERROR - Error in eye navigation: PyAutoGUI fail-safe triggered from mouse moving to a corner of the screen. To disable this fail-safe, set pyautogui.FAILSAFE to False. DISABLING FAIL-SAFE IS NOT RECOMMENDED.
2025-03-05 22:36:11,142 - WARNING - No faces detected.
2025-03-05 22:36:11,152 - ERROR - Error in eye navigation: PyAutoGUI fail-safe triggered from mouse moving to a corner of the screen. To disable this fail-safe, set pyautogui.FAILSAFE to False. DISABLING FAIL-SAFE IS NOT RECOMMENDED.
2025-03-05 22:36:11,223 - WARNING - No faces detected.
2025-03-05 22:36:11,232 - ERROR - Error in eye navigation: PyAutoGUI fail-safe triggered from mouse moving to a corner of the screen. To disable this fail-safe, set pyautogui.FAILSAFE to False. DISABLING FAIL-SAFE IS NOT RECOMMENDED.
2025-03-05 22:36:11,303 - WARNING - No faces detected.
2025-03-05 22:36:11,312 - ERROR - Error in eye navigation: PyAutoGUI fail-safe triggered from mouse moving to a corner of the screen. To disable this fail-safe, set pyautogui.FAILSAFE to False. DISABLING FAIL-SAFE IS NOT RECOMMENDED.
2025-03-05 22:36:11,382 - WARNING - No faces detected.
2025-03-05 22:36:11,391 - ERROR - Error in eye navigation: PyAutoGUI fail-safe triggered from mouse moving to a corner of the screen. To disable this fail-safe, set pyautogui.FAILSAFE to False. DISABLING FAIL-SAFE IS NOT RECOMMENDED.
2025-03-05 22:36:11,461 - WARNING - No faces detected.
2025-03-05 22:36:11,471 - ERROR - Error in eye navigation: PyAutoGUI fail-safe triggered from mouse moving to a corner of the screen. To disable this fail-safe, set pyautogui.FAILSAFE to False. DISABLING FAIL-SAFE IS NOT RECOMMENDED.
2025-03-05 22:36:11,541 - WARNING - No faces detected.
2025-03-05 22:36:11,550 - ERROR - Error in eye navigation: PyAutoGUI fail-safe triggered from mouse moving to a corner of the screen. To disable this fail-safe, set pyautogui.FAILSAFE to False. DISABLING FAIL-SAFE IS NOT RECOMMENDED.
2025-03-05 22:36:11,619 - WARNING - No faces detected.
2025-03-05 22:36:11,629 - ERROR - Error in eye navigation: PyAutoGUI fail-safe triggered from mouse moving to a corner of the screen. To disable this fail-safe, set pyautogui.FAILSAFE to False. DISABLING FAIL-SAFE IS NOT RECOMMENDED.
2025-03-05 22:36:11,700 - WARNING - No faces detected.
2025-03-05 22:36:11,709 - ERROR - Error in eye navigation: PyAutoGUI fail-safe triggered from mouse moving to a corner of the screen. To disable this fail-safe, set pyautogui.FAILSAFE to False. DISABLING FAIL-SAFE IS NOT RECOMMENDED.
2025-03-05 22:36:11,778 - WARNING - No faces detected.
2025-03-05 22:36:11,787 - ERROR - Error in eye navigation: PyAutoGUI fail-safe triggered from mouse moving to a corner of the screen. To disable this fail-safe, set pyautogui.FAILSAFE to False. DISABLING FAIL-SAFE IS NOT RECOMMENDED.
2025-03-05 22:36:11,859 - WARNING - No faces detected.
2025-03-05 22:36:11,869 - ERROR - Error in eye navigation: PyAutoGUI fail-safe triggered from mouse moving to a corner of the screen. To disable this fail-safe, set pyautogui.FAILSAFE to False. DISABLING FAIL-SAFE IS NOT RECOMMENDED.
2025-03-05 22:36:11,939 - WARNING - No faces detected.
2025-03-05 22:36:11,948 - ERROR - Error in eye navigation: PyAutoGUI fail-safe triggered from mouse moving to a corner of the screen. To disable this fail-safe, set pyautogui.FAILSAFE to False. DISABLING FAIL-SAFE IS NOT RECOMMENDED.
2025-03-05 22:36:12,019 - WARNING - No faces detected.
2025-03-05 22:36:12,028 - ERROR - Error in eye navigation: PyAutoGUI fail-safe triggered from mouse moving to a corner of the screen. To disable this fail-safe, set pyautogui.FAILSAFE to False. DISABLING FAIL-SAFE IS NOT RECOMMENDED.
2025-03-05 22:36:12,098 - WARNING - No faces detected.
2025-03-05 22:36:12,107 - ERROR - Error in eye navigation: PyAutoGUI fail-safe triggered from mouse moving to a corner of the screen. To disable this fail-safe, set pyautogui.FAILSAFE to False. DISABLING FAIL-SAFE IS NOT RECOMMENDED.
2025-03-05 22:36:12,177 - WARNING - No faces detected.
2025-03-05 22:36:12,186 - ERROR - Error in eye navigation: PyAutoGUI fail-safe triggered from mouse moving to a corner of the screen. To disable this fail-safe, set pyautogui.FAILSAFE to False. DISABLING FAIL-SAFE IS NOT RECOMMENDED.
2025-03-05 22:36:12,258 - WARNING - No faces detected.
2025-03-05 22:36:12,268 - ERROR - Error in eye navigation: PyAutoGUI fail-safe triggered from mouse moving to a corner of the screen. To disable this fail-safe, set pyautogui.FAILSAFE to False. DISABLING FAIL-SAFE IS NOT RECOMMENDED.
2025-03-05 22:36:12,338 - WARNING - No faces detected.
2025-03-05 22:36:12,347 - ERROR - Error in eye navigation: PyAutoGUI fail-safe triggered from mouse moving to a corner of the screen. To disable this fail-safe, set pyautogui.FAILSAFE to False. DISABLING FAIL-SAFE IS NOT RECOMMENDED.
2025-03-05 22:36:12,417 - WARNING - No faces detected.
2025-03-05 22:36:12,426 - ERROR - Error in eye navigation: PyAutoGUI fail-safe triggered from mouse moving to a corner of the screen. To disable this fail-safe, set pyautogui.FAILSAFE to False. DISABLING FAIL-SAFE IS NOT RECOMMENDED.
2025-03-05 22:36:12,498 - WARNING - No faces detected.
2025-03-05 22:36:12,507 - ERROR - Error in eye navigation: PyAutoGUI fail-safe triggered from mouse moving to a corner of the screen. To disable this fail-safe, set pyautogui.FAILSAFE to False. DISABLING FAIL-SAFE IS NOT RECOMMENDED.
2025-03-05 22:36:12,589 - ERROR - Error in eye navigation: PyAutoGUI fail-safe triggered from mouse moving to a corner of the screen. To disable this fail-safe, set pyautogui.FAILSAFE to False. DISABLING FAIL-SAFE IS NOT RECOMMENDED.
2025-03-05 22:36:12,672 - ERROR - Error in eye navigation: PyAutoGUI fail-safe triggered from mouse moving to a corner of the screen. To disable this fail-safe, set pyautogui.FAILSAFE to False. DISABLING FAIL-SAFE IS NOT RECOMMENDED.
2025-03-05 22:36:12,744 - WARNING - No faces detected.
2025-03-05 22:36:12,754 - ERROR - Error in eye navigation: PyAutoGUI fail-safe triggered from mouse moving to a corner of the screen. To disable this fail-safe, set pyautogui.FAILSAFE to False. DISABLING FAIL-SAFE IS NOT RECOMMENDED.
2025-03-05 22:36:12,836 - ERROR - Error in eye navigation: PyAutoGUI fail-safe triggered from mouse moving to a corner of the screen. To disable this fail-safe, set pyautogui.FAILSAFE to False. DISABLING FAIL-SAFE IS NOT RECOMMENDED.
2025-03-05 22:36:12,917 - ERROR - Error in eye navigation: PyAutoGUI fail-safe triggered from mouse moving to a corner of the screen. To disable this fail-safe, set pyautogui.FAILSAFE to False. DISABLING FAIL-SAFE IS NOT RECOMMENDED.
2025-03-05 22:36:12,998 - ERROR - Error in eye navigation: PyAutoGUI fail-safe triggered from mouse moving to a corner of the screen. To disable this fail-safe, set pyautogui.FAILSAFE to False. DISABLING FAIL-SAFE IS NOT RECOMMENDED.
2025-03-05 22:36:13,079 - ERROR - Error in eye navigation: PyAutoGUI fail-safe triggered from mouse moving to a corner of the screen. To disable this fail-safe, set pyautogui.FAILSAFE to False. DISABLING FAIL-SAFE IS NOT RECOMMENDED.
2025-03-05 22:36:13,160 - ERROR - Error in eye navigation: PyAutoGUI fail-safe triggered from mouse moving to a corner of the screen. To disable this fail-safe, set pyautogui.FAILSAFE to False. DISABLING FAIL-SAFE IS NOT RECOMMENDED.
2025-03-05 22:36:13,241 - ERROR - Error in eye navigation: PyAutoGUI fail-safe triggered from mouse moving to a corner of the screen. To disable this fail-safe, set pyautogui.FAILSAFE to False. DISABLING FAIL-SAFE IS NOT RECOMMENDED.
2025-03-05 22:36:13,314 - INFO - Blink detected. Performing click.
2025-03-05 22:36:13,314 - CRITICAL - Unexpected error: PyAutoGUI fail-safe triggered from mouse moving to a corner of the screen. To disable this fail-safe, set pyautogui.FAILSAFE to False. DISABLING FAIL-SAFE IS NOT RECOMMENDED.
2025-03-05 22:36:13,623 - INFO - Program terminated gracefully.
2025-03-05 22:36:33,985 - WARNING - No faces detected.
2025-03-05 22:36:34,087 - WARNING - No faces detected.
2025-03-05 22:36:34,101 - ERROR - Error in eye navigation: PyAutoGUI fail-safe triggered from mouse moving to a corner of the screen. To disable this fail-safe, set pyautogui.FAILSAFE to False. DISABLING FAIL-SAFE IS NOT RECOMMENDED.
2025-03-05 22:36:34,184 - ERROR - Error in eye navigation: PyAutoGUI fail-safe triggered from mouse moving to a corner of the screen. To disable this fail-safe, set pyautogui.FAILSAFE to False. DISABLING FAIL-SAFE IS NOT RECOMMENDED.
2025-03-05 22:36:34,268 - ERROR - Error in eye navigation: PyAutoGUI fail-safe triggered from mouse moving to a corner of the screen. To disable this fail-safe, set pyautogui.FAILSAFE to False. DISABLING FAIL-SAFE IS NOT RECOMMENDED.
2025-03-05 22:36:34,352 - ERROR - Error in eye navigation: PyAutoGUI fail-safe triggered from mouse moving to a corner of the screen. To disable this fail-safe, set pyautogui.FAILSAFE to False. DISABLING FAIL-SAFE IS NOT RECOMMENDED.
2025-03-05 22:36:34,435 - ERROR - Error in eye navigation: PyAutoGUI fail-safe triggered from mouse moving to a corner of the screen. To disable this fail-safe, set pyautogui.FAILSAFE to False. DISABLING FAIL-SAFE IS NOT RECOMMENDED.
2025-03-05 22:36:34,518 - ERROR - Error in eye navigation: PyAutoGUI fail-safe triggered from mouse moving to a corner of the screen. To disable this fail-safe, set pyautogui.FAILSAFE to False. DISABLING FAIL-SAFE IS NOT RECOMMENDED.
2025-03-05 22:36:34,601 - ERROR - Error in eye navigation: PyAutoGUI fail-safe triggered from mouse moving to a corner of the screen. To disable this fail-safe, set pyautogui.FAILSAFE to False. DISABLING FAIL-SAFE IS NOT RECOMMENDED.
2025-03-05 22:36:34,682 - ERROR - Error in eye navigation: PyAutoGUI fail-safe triggered from mouse moving to a corner of the screen. To disable this fail-safe, set pyautogui.FAILSAFE to False. DISABLING FAIL-SAFE IS NOT RECOMMENDED.
2025-03-05 22:36:34,765 - ERROR - Error in eye navigation: PyAutoGUI fail-safe triggered from mouse moving to a corner of the screen. To disable this fail-safe, set pyautogui.FAILSAFE to False. DISABLING FAIL-SAFE IS NOT RECOMMENDED.
2025-03-05 22:36:34,847 - ERROR - Error in eye navigation: PyAutoGUI fail-safe triggered from mouse moving to a corner of the screen. To disable this fail-safe, set pyautogui.FAILSAFE to False. DISABLING FAIL-SAFE IS NOT RECOMMENDED.
2025-03-05 22:36:34,930 - ERROR - Error in eye navigation: PyAutoGUI fail-safe triggered from mouse moving to a corner of the screen. To disable this fail-safe, set pyautogui.FAILSAFE to False. DISABLING FAIL-SAFE IS NOT RECOMMENDED.
2025-03-05 22:36:35,014 - ERROR - Error in eye navigation: PyAutoGUI fail-safe triggered from mouse moving to a corner of the screen. To disable this fail-safe, set pyautogui.FAILSAFE to False. DISABLING FAIL-SAFE IS NOT RECOMMENDED.
2025-03-05 22:36:35,096 - ERROR - Error in eye navigation: PyAutoGUI fail-safe triggered from mouse moving to a corner of the screen. To disable this fail-safe, set pyautogui.FAILSAFE to False. DISABLING FAIL-SAFE IS NOT RECOMMENDED.
2025-03-05 22:36:35,178 - ERROR - Error in eye navigation: PyAutoGUI fail-safe triggered from mouse moving to a corner of the screen. To disable this fail-safe, set pyautogui.FAILSAFE to False. DISABLING FAIL-SAFE IS NOT RECOMMENDED.
2025-03-05 22:36:35,260 - ERROR - Error in eye navigation: PyAutoGUI fail-safe triggered from mouse moving to a corner of the screen. To disable this fail-safe, set pyautogui.FAILSAFE to False. DISABLING FAIL-SAFE IS NOT RECOMMENDED.
2025-03-05 22:36:35,343 - ERROR - Error in eye navigation: PyAutoGUI fail-safe triggered from mouse moving to a corner of the screen. To disable this fail-safe, set pyautogui.FAILSAFE to False. DISABLING FAIL-SAFE IS NOT RECOMMENDED.
2025-03-05 22:36:35,426 - ERROR - Error in eye navigation: PyAutoGUI fail-safe triggered from mouse moving to a corner of the screen. To disable this fail-safe, set pyautogui.FAILSAFE to False. DISABLING FAIL-SAFE IS NOT RECOMMENDED.
2025-03-05 22:36:35,506 - ERROR - Error in eye navigation: PyAutoGUI fail-safe triggered from mouse moving to a corner of the screen. To disable this fail-safe, set pyautogui.FAILSAFE to False. DISABLING FAIL-SAFE IS NOT RECOMMENDED.
2025-03-05 22:36:35,589 - ERROR - Error in eye navigation: PyAutoGUI fail-safe triggered from mouse moving to a corner of the screen. To disable this fail-safe, set pyautogui.FAILSAFE to False. DISABLING FAIL-SAFE IS NOT RECOMMENDED.
2025-03-05 22:36:35,671 - ERROR - Error in eye navigation: PyAutoGUI fail-safe triggered from mouse moving to a corner of the screen. To disable this fail-safe, set pyautogui.FAILSAFE to False. DISABLING FAIL-SAFE IS NOT RECOMMENDED.
2025-03-05 22:36:35,754 - ERROR - Error in eye navigation: PyAutoGUI fail-safe triggered from mouse moving to a corner of the screen. To disable this fail-safe, set pyautogui.FAILSAFE to False. DISABLING FAIL-SAFE IS NOT RECOMMENDED.
2025-03-05 22:36:35,836 - ERROR - Error in eye navigation: PyAutoGUI fail-safe triggered from mouse moving to a corner of the screen. To disable this fail-safe, set pyautogui.FAILSAFE to False. DISABLING FAIL-SAFE IS NOT RECOMMENDED.
2025-03-05 22:36:35,917 - ERROR - Error in eye navigation: PyAutoGUI fail-safe triggered from mouse moving to a corner of the screen. To disable this fail-safe, set pyautogui.FAILSAFE to False. DISABLING FAIL-SAFE IS NOT RECOMMENDED.
2025-03-05 22:36:36,001 - ERROR - Error in eye navigation: PyAutoGUI fail-safe triggered from mouse moving to a corner of the screen. To disable this fail-safe, set pyautogui.FAILSAFE to False. DISABLING FAIL-SAFE IS NOT RECOMMENDED.
2025-03-05 22:36:36,082 - ERROR - Error in eye navigation: PyAutoGUI fail-safe triggered from mouse moving to a corner of the screen. To disable this fail-safe, set pyautogui.FAILSAFE to False. DISABLING FAIL-SAFE IS NOT RECOMMENDED.
2025-03-05 22:36:36,163 - ERROR - Error in eye navigation: PyAutoGUI fail-safe triggered from mouse moving to a corner of the screen. To disable this fail-safe, set pyautogui.FAILSAFE to False. DISABLING FAIL-SAFE IS NOT RECOMMENDED.
2025-03-05 22:36:36,247 - ERROR - Error in eye navigation: PyAutoGUI fail-safe triggered from mouse moving to a corner of the screen. To disable this fail-safe, set pyautogui.FAILSAFE to False. DISABLING FAIL-SAFE IS NOT RECOMMENDED.
2025-03-05 22:36:36,331 - ERROR - Error in eye navigation: PyAutoGUI fail-safe triggered from mouse moving to a corner of the screen. To disable this fail-safe, set pyautogui.FAILSAFE to False. DISABLING FAIL-SAFE IS NOT RECOMMENDED.
2025-03-05 22:36:36,412 - ERROR - Error in eye navigation: PyAutoGUI fail-safe triggered from mouse moving to a corner of the screen. To disable this fail-safe, set pyautogui.FAILSAFE to False. DISABLING FAIL-SAFE IS NOT RECOMMENDED.
2025-03-05 22:36:36,485 - INFO - Blink detected. Performing click.
2025-03-05 22:36:36,485 - CRITICAL - Unexpected error: PyAutoGUI fail-safe triggered from mouse moving to a corner of the screen. To disable this fail-safe, set pyautogui.FAILSAFE to False. DISABLING FAIL-SAFE IS NOT RECOMMENDED.
2025-03-05 22:36:36,762 - INFO - Program terminated gracefully.
2025-03-05 22:36:46,305 - WARNING - No faces detected.
2025-03-05 22:36:49,560 - INFO - Blink detected. Performing click.
2025-03-05 22:36:51,326 - WARNING - No faces detected.
2025-03-05 22:36:51,518 - WARNING - No faces detected.
2025-03-05 22:36:51,929 - WARNING - No faces detected.
2025-03-05 22:36:52,113 - WARNING - No faces detected.
2025-03-05 22:36:52,295 - WARNING - No faces detected.
2025-03-05 22:36:52,499 - WARNING - No faces detected.
2025-03-05 22:36:52,703 - WARNING - No faces detected.
2025-03-05 22:36:53,890 - INFO - Blink detected. Performing click.
2025-03-05 22:36:55,832 - WARNING - No faces detected.
2025-03-05 22:36:56,036 - WARNING - No faces detected.
2025-03-05 22:36:56,225 - WARNING - No faces detected.
2025-03-05 22:36:56,427 - WARNING - No faces detected.
2025-03-05 22:36:56,620 - WARNING - No faces detected.
2025-03-05 22:36:56,818 - WARNING - No faces detected.
2025-03-05 22:36:57,012 - WARNING - No faces detected.
2025-03-05 22:36:57,213 - WARNING - No faces detected.
2025-03-05 22:36:57,419 - WARNING - No faces detected.
2025-03-05 22:36:57,622 - WARNING - No faces detected.
2025-03-05 22:36:57,803 - WARNING - No faces detected.
2025-03-05 22:36:58,011 - WARNING - No faces detected.
2025-03-05 22:36:58,204 - WARNING - No faces detected.
2025-03-05 22:36:58,410 - WARNING - No faces detected.
2025-03-05 22:36:58,614 - WARNING - No faces detected.
2025-03-05 22:36:58,805 - WARNING - No faces detected.
2025-03-05 22:37:03,422 - INFO - Blink detected. Performing click.
2025-03-05 22:37:11,792 - INFO - Blink detected. Performing click.
2025-03-05 22:37:16,145 - WARNING - No faces detected.
2025-03-05 22:37:16,346 - WARNING - No faces detected.
2025-03-05 22:37:16,538 - WARNING - No faces detected.
2025-03-05 22:37:16,743 - WARNING - No faces detected.
2025-03-05 22:37:16,962 - WARNING - No faces detected.
2025-03-05 22:37:17,164 - WARNING - No faces detected.
2025-03-05 22:37:17,368 - WARNING - No faces detected.
2025-03-05 22:37:17,564 - WARNING - No faces detected.
2025-03-05 22:37:18,574 - INFO - Blink detected. Performing click.
2025-03-05 22:37:19,695 - WARNING - No faces detected.
2025-03-05 22:37:19,876 - WARNING - No faces detected.
2025-03-05 22:37:20,071 - WARNING - No faces detected.
2025-03-05 22:37:20,282 - WARNING - No faces detected.
2025-03-05 22:37:20,485 - WARNING - No faces detected.
2025-03-05 22:37:20,706 - WARNING - No faces detected.
2025-03-05 22:37:20,912 - WARNING - No faces detected.
2025-03-05 22:37:21,137 - WARNING - No faces detected.
2025-03-05 22:37:21,318 - WARNING - No faces detected.
2025-03-05 22:37:21,499 - WARNING - No faces detected.
2025-03-05 22:37:21,693 - WARNING - No faces detected.
2025-03-05 22:37:21,895 - WARNING - No faces detected.
2025-03-05 22:37:22,092 - WARNING - No faces detected.
2025-03-05 22:37:22,298 - WARNING - No faces detected.
2025-03-05 22:37:26,169 - INFO - Blink detected. Performing click.
2025-03-05 22:37:30,929 - WARNING - No faces detected.
2025-03-05 22:37:31,950 - WARNING - No faces detected.
2025-03-05 22:37:37,111 - WARNING - No faces detected.
2025-03-05 22:37:38,328 - INFO - Blink detected. Performing click.
2025-03-05 22:42:24,526 - WARNING - No faces detected.
2025-03-05 22:42:24,616 - WARNING - No faces detected.
2025-03-05 22:42:24,815 - WARNING - No faces detected.
2025-03-05 22:42:25,018 - WARNING - No faces detected.
2025-03-05 22:42:25,207 - WARNING - No faces detected.
2025-03-05 22:42:26,808 - WARNING - No faces detected.
2025-03-05 22:42:27,001 - WARNING - No faces detected.
2025-03-05 22:42:29,406 - INFO - Blink detected. Performing click.
2025-03-05 22:42:31,372 - WARNING - No faces detected.
2025-03-05 22:42:31,563 - WARNING - No faces detected.
2025-03-05 22:42:32,161 - WARNING - No faces detected.
2025-03-05 22:42:32,556 - WARNING - No faces detected.
2025-03-05 22:42:33,539 - WARNING - No faces detected.
2025-03-05 22:42:34,525 - WARNING - No faces detected.
2025-03-05 22:42:35,117 - WARNING - No faces detected.
2025-03-05 22:42:35,515 - WARNING - No faces detected.
2025-03-05 22:42:37,322 - INFO - Blink detected. Performing click.
2025-03-05 22:42:47,240 - INFO - Blink detected. Performing click.
2025-03-05 22:42:50,546 - WARNING - No faces detected.
2025-03-05 22:42:50,744 - WARNING - No faces detected.
2025-03-05 22:42:51,340 - WARNING - No faces detected.
2025-03-05 22:42:52,362 - INFO - Blink detected. Performing click.
2025-03-05 22:42:58,287 - INFO - Blink detected. Performing click.
2025-03-05 22:43:01,622 - WARNING - No faces detected.
2025-03-05 22:43:01,824 - WARNING - No faces detected.
2025-03-05 22:43:02,035 - WARNING - No faces detected.
2025-03-05 22:43:02,217 - WARNING - No faces detected.
2025-03-05 22:43:02,406 - WARNING - No faces detected.
2025-03-05 22:43:02,607 - WARNING - No faces detected.
2025-03-05 22:43:02,799 - WARNING - No faces detected.
2025-03-05 22:43:02,997 - WARNING - No faces detected.
2025-03-05 22:43:08,382 - WARNING - No faces detected.
2025-03-05 22:43:13,300 - INFO - Blink detected. Performing click.
2025-03-05 22:43:16,590 - WARNING - No faces detected.
2025-03-05 22:43:18,391 - WARNING - No faces detected.
2025-03-05 22:43:18,781 - WARNING - No faces detected.
2025-03-05 22:43:19,754 - INFO - Blink detected. Performing click.
2025-03-05 22:43:22,059 - INFO - Blink detected. Performing click.
2025-03-05 22:43:24,156 - INFO - Blink detected. Performing click.
2025-03-05 22:43:25,674 - INFO - Blink detected. Performing click.
2025-03-05 22:43:29,625 - INFO - Blink detected. Performing click.
2025-03-05 22:46:15,552 - WARNING - No faces detected.
2025-03-05 22:46:15,645 - WARNING - No faces detected.
2025-03-05 22:46:15,723 - WARNING - No faces detected.
2025-03-05 22:46:15,809 - WARNING - No faces detected.
2025-03-05 22:46:15,891 - WARNING - No faces detected.
2025-03-05 22:46:15,972 - WARNING - No faces detected.
2025-03-05 22:46:16,171 - WARNING - No faces detected.
2025-03-05 22:46:16,251 - WARNING - No faces detected.
2025-03-05 22:46:16,450 - WARNING - No faces detected.
2025-03-05 22:46:16,651 - WARNING - No faces detected.
2025-03-05 22:46:16,844 - WARNING - No faces detected.
2025-03-05 22:46:17,039 - WARNING - No faces detected.
2025-03-05 22:46:17,230 - WARNING - No faces detected.
2025-03-05 22:46:17,432 - WARNING - No faces detected.
2025-03-05 22:46:20,433 - INFO - Blink detected. Performing click.
2025-03-05 22:46:22,984 - INFO - Blink detected. Performing click.
2025-03-05 22:46:24,688 - INFO - Blink detected. Performing click.
2025-03-05 22:48:17,051 - WARNING - No faces detected.
2025-03-05 22:48:17,144 - WARNING - No faces detected.
2025-03-05 22:48:17,351 - WARNING - No faces detected.
2025-03-05 22:48:17,552 - WARNING - No faces detected.
2025-03-05 22:48:18,543 - WARNING - No faces detected.
2025-03-05 22:48:20,941 - WARNING - No faces detected.
2025-03-05 22:48:22,951 - WARNING - No faces detected.
2025-03-05 22:48:23,140 - WARNING - No faces detected.
2025-03-05 22:48:23,340 - WARNING - No faces detected.
2025-03-05 22:48:23,535 - WARNING - No faces detected.
2025-03-05 22:48:23,730 - WARNING - No faces detected.
2025-03-05 22:48:23,924 - WARNING - No faces detected.
2025-03-05 22:48:24,120 - WARNING - No faces detected.
2025-03-05 22:48:25,917 - WARNING - No faces detected.
2025-03-05 22:48:26,122 - WARNING - No faces detected.
2025-03-05 22:48:26,710 - WARNING - No faces detected.
2025-03-05 22:48:26,914 - WARNING - No faces detected.
2025-03-05 22:48:27,322 - WARNING - No faces detected.
2025-03-05 22:48:36,958 - INFO - Double blink detected. Typing character.
2025-03-05 22:48:38,918 - WARNING - No faces detected.
2025-03-05 22:48:39,122 - WARNING - No faces detected.
2025-03-05 22:48:39,317 - WARNING - No faces detected.
2025-03-05 22:48:39,915 - WARNING - No faces detected.
2025-03-05 22:48:41,713 - WARNING - No faces detected.
2025-03-05 22:48:41,911 - WARNING - No faces detected.
2025-03-05 22:48:42,510 - WARNING - No faces detected.
2025-03-05 22:48:42,701 - WARNING - No faces detected.
2025-03-05 22:48:42,898 - WARNING - No faces detected.
2025-03-05 22:48:43,092 - WARNING - No faces detected.
2025-03-05 22:48:43,274 - WARNING - No faces detected.
2025-03-05 22:48:43,470 - WARNING - No faces detected.
2025-03-05 22:48:43,859 - WARNING - No faces detected.
2025-03-05 22:50:50,218 - WARNING - No faces detected.
2025-03-05 22:50:53,556 - WARNING - No faces detected.
2025-03-05 22:50:53,758 - WARNING - No faces detected.
2025-03-05 22:50:53,952 - WARNING - No faces detected.
2025-03-05 22:50:55,935 - CRITICAL - Unexpected error: cannot access local variable 'last_blink_time' where it is not associated with a value
2025-03-05 22:50:56,213 - INFO - Program terminated gracefully.
2025-03-05 22:51:03,035 - WARNING - No faces detected.
2025-03-05 22:51:03,126 - WARNING - No faces detected.
2025-03-05 22:51:03,203 - WARNING - No faces detected.
2025-03-05 22:51:03,279 - WARNING - No faces detected.
2025-03-05 22:51:03,354 - WARNING - No faces detected.
2025-03-05 22:51:03,430 - WARNING - No faces detected.
2025-03-05 22:51:03,506 - WARNING - No faces detected.
2025-03-05 22:51:03,583 - WARNING - No faces detected.
2025-03-05 22:51:03,661 - WARNING - No faces detected.
2025-03-05 22:51:03,739 - WARNING - No faces detected.
2025-03-05 22:51:03,816 - WARNING - No faces detected.
2025-03-05 22:51:03,893 - WARNING - No faces detected.
2025-03-05 22:51:03,969 - WARNING - No faces detected.
2025-03-05 22:51:04,046 - WARNING - No faces detected.
2025-03-05 22:51:04,121 - WARNING - No faces detected.
2025-03-05 22:51:04,197 - WARNING - No faces detected.
2025-03-05 22:51:04,273 - WARNING - No faces detected.
2025-03-05 22:51:04,348 - WARNING - No faces detected.
2025-03-05 22:51:04,422 - WARNING - No faces detected.
2025-03-05 22:51:04,498 - WARNING - No faces detected.
2025-03-05 22:51:04,573 - WARNING - No faces detected.
2025-03-05 22:51:04,648 - WARNING - No faces detected.
2025-03-05 22:51:04,724 - WARNING - No faces detected.
2025-03-05 22:51:04,800 - WARNING - No faces detected.
2025-03-05 22:51:04,877 - WARNING - No faces detected.
2025-03-05 22:51:04,954 - WARNING - No faces detected.
2025-03-05 22:51:05,029 - WARNING - No faces detected.
2025-03-05 22:51:05,107 - WARNING - No faces detected.
2025-03-05 22:51:05,193 - WARNING - No faces detected.
2025-03-05 22:51:05,275 - WARNING - No faces detected.
2025-03-05 22:51:05,351 - WARNING - No faces detected.
2025-03-05 22:51:05,427 - WARNING - No faces detected.
2025-03-05 22:51:05,503 - WARNING - No faces detected.
2025-03-05 22:51:05,580 - WARNING - No faces detected.
2025-03-05 22:51:05,655 - WARNING - No faces detected.
2025-03-05 22:51:05,730 - WARNING - No faces detected.
2025-03-05 22:51:05,806 - WARNING - No faces detected.
2025-03-05 22:51:05,882 - WARNING - No faces detected.
2025-03-05 22:51:05,957 - WARNING - No faces detected.
2025-03-05 22:51:06,032 - WARNING - No faces detected.
2025-03-05 22:51:06,108 - WARNING - No faces detected.
2025-03-05 22:51:06,183 - WARNING - No faces detected.
2025-03-05 22:51:06,258 - WARNING - No faces detected.
2025-03-05 22:51:06,333 - WARNING - No faces detected.
2025-03-05 22:51:06,409 - WARNING - No faces detected.
2025-03-05 22:51:06,485 - WARNING - No faces detected.
2025-03-05 22:51:06,562 - WARNING - No faces detected.
2025-03-05 22:51:06,637 - WARNING - No faces detected.
2025-03-05 22:51:06,712 - WARNING - No faces detected.
2025-03-05 22:51:06,788 - WARNING - No faces detected.
2025-03-05 22:51:06,864 - WARNING - No faces detected.
2025-03-05 22:51:06,940 - WARNING - No faces detected.
2025-03-05 22:51:07,023 - WARNING - No faces detected.
2025-03-05 22:51:07,098 - WARNING - No faces detected.
2025-03-05 22:51:07,174 - WARNING - No faces detected.
2025-03-05 22:51:07,250 - WARNING - No faces detected.
2025-03-05 22:51:07,324 - WARNING - No faces detected.
2025-03-05 22:51:07,400 - WARNING - No faces detected.
2025-03-05 22:51:07,477 - WARNING - No faces detected.
2025-03-05 22:51:07,554 - WARNING - No faces detected.
2025-03-05 22:51:07,629 - WARNING - No faces detected.
2025-03-05 22:51:07,704 - WARNING - No faces detected.
2025-03-05 22:51:07,781 - WARNING - No faces detected.
2025-03-05 22:51:07,855 - WARNING - No faces detected.
2025-03-05 22:51:07,930 - WARNING - No faces detected.
2025-03-05 22:51:08,006 - WARNING - No faces detected.
2025-03-05 22:51:08,082 - WARNING - No faces detected.
2025-03-05 22:51:08,157 - WARNING - No faces detected.
2025-03-05 22:51:08,234 - WARNING - No faces detected.
2025-03-05 22:51:08,308 - WARNING - No faces detected.
2025-03-05 22:51:08,384 - WARNING - No faces detected.
2025-03-05 22:51:08,461 - WARNING - No faces detected.
2025-03-05 22:51:08,538 - WARNING - No faces detected.
2025-03-05 22:51:08,621 - WARNING - No faces detected.
2025-03-05 22:51:08,704 - WARNING - No faces detected.
2025-03-05 22:51:08,788 - WARNING - No faces detected.
2025-03-05 22:51:08,871 - WARNING - No faces detected.
2025-03-05 22:51:08,954 - WARNING - No faces detected.
2025-03-05 22:51:09,037 - WARNING - No faces detected.
2025-03-05 22:51:09,120 - WARNING - No faces detected.
2025-03-05 22:51:09,293 - WARNING - No faces detected.
2025-03-05 22:51:09,375 - WARNING - No faces detected.
2025-03-05 22:51:09,458 - WARNING - No faces detected.
2025-03-05 22:51:15,878 - CRITICAL - Unexpected error: cannot access local variable 'last_blink_time' where it is not associated with a value
2025-03-05 22:51:16,150 - INFO - Program terminated gracefully.
2025-03-05 22:51:35,729 - WARNING - No faces detected.
2025-03-05 22:51:35,822 - WARNING - No faces detected.
2025-03-05 22:51:35,907 - WARNING - No faces detected.
2025-03-05 22:51:35,991 - WARNING - No faces detected.
2025-03-05 22:51:40,441 - CRITICAL - Unexpected error: cannot access local variable 'last_blink_time' where it is not associated with a value
2025-03-05 22:51:40,713 - INFO - Program terminated gracefully.
2025-03-05 22:52:11,812 - WARNING - No faces detected.
2025-03-05 22:52:11,904 - WARNING - No faces detected.
2025-03-05 22:52:12,114 - WARNING - No faces detected.
2025-03-05 22:52:17,697 - WARNING - No faces detected.
2025-03-05 22:52:20,861 - INFO - Blink detected. Performing click.
2025-03-05 22:52:24,604 - INFO - Blink detected. Performing click.
2025-03-05 22:52:31,789 - INFO - Blink detected. Performing click.
2025-03-05 22:52:37,499 - INFO - Blink detected. Performing click.
2025-03-05 22:52:37,805 - INFO - Blink detected. Performing click.
2025-03-05 22:52:38,316 - INFO - Blink detected. Performing click.
2025-03-05 22:52:39,201 - INFO - Blink detected. Performing click.
2025-03-05 23:06:55,640 - WARNING - No faces detected.
2025-03-05 23:07:08,880 - WARNING - No faces detected.
2025-03-05 23:07:09,077 - WARNING - No faces detected.
2025-03-05 23:07:09,273 - WARNING - No faces detected.
2025-03-05 23:07:09,468 - WARNING - No faces detected.
2025-03-05 23:07:10,276 - INFO - Blink detected. Performing click.
2025-03-05 23:07:17,245 - WARNING - No faces detected.
2025-03-05 23:07:17,441 - WARNING - No faces detected.
2025-03-05 23:07:19,023 - WARNING - No faces detected.
2025-03-05 23:07:19,828 - INFO - Blink detected. Performing click.
2025-03-05 23:07:24,335 - WARNING - No faces detected.
2025-03-05 23:07:27,539 - INFO - Blink detected. Performing click.
2025-03-05 23:07:31,217 - INFO - Blink detected. Performing click.
2025-03-05 23:07:31,530 - INFO - Blink detected. Performing click.
2025-03-05 23:07:31,846 - WARNING - No faces detected.
2025-03-07 14:02:20,731 - WARNING - No faces detected.
2025-03-07 14:02:21,348 - WARNING - No faces detected.
2025-03-07 14:02:21,601 - WARNING - No faces detected.
2025-03-07 14:02:21,801 - WARNING - No faces detected.
2025-03-07 14:02:22,002 - WARNING - No faces detected.
2025-03-07 14:02:22,202 - WARNING - No faces detected.
2025-03-07 14:02:22,403 - WARNING - No faces detected.
2025-03-07 14:02:22,603 - WARNING - No faces detected.
2025-03-07 14:02:22,786 - WARNING - No faces detected.
2025-03-07 14:02:22,974 - WARNING - No faces detected.
2025-03-07 14:02:23,150 - WARNING - No faces detected.
2025-03-07 14:02:23,335 - WARNING - No faces detected.
2025-03-07 14:02:23,520 - WARNING - No faces detected.
2025-03-07 14:02:23,705 - WARNING - No faces detected.
2025-03-07 14:02:23,905 - WARNING - No faces detected.
2025-03-07 14:02:24,106 - WARNING - No faces detected.
2025-03-07 14:02:24,306 - WARNING - No faces detected.
2025-03-07 14:02:24,507 - WARNING - No faces detected.
2025-03-07 14:02:24,692 - WARNING - No faces detected.
2025-03-07 14:02:24,907 - WARNING - No faces detected.
2025-03-07 14:02:25,108 - WARNING - No faces detected.
2025-03-07 14:02:25,295 - WARNING - No faces detected.
2025-03-07 14:02:25,500 - WARNING - No faces detected.
2025-03-07 14:02:25,698 - WARNING - No faces detected.
2025-03-07 14:02:25,893 - WARNING - No faces detected.
2025-03-07 14:02:26,075 - WARNING - No faces detected.
2025-03-07 14:02:26,271 - WARNING - No faces detected.
2025-03-07 14:02:26,472 - WARNING - No faces detected.
2025-03-07 14:02:26,688 - WARNING - No faces detected.
2025-03-07 14:02:26,889 - WARNING - No faces detected.
2025-03-07 14:02:30,416 - ERROR - Error in eye navigation: PyAutoGUI fail-safe triggered from mouse moving to a corner of the screen. To disable this fail-safe, set pyautogui.FAILSAFE to False. DISABLING FAIL-SAFE IS NOT RECOMMENDED.
2025-03-07 14:02:30,484 - ERROR - Error in eye navigation: PyAutoGUI fail-safe triggered from mouse moving to a corner of the screen. To disable this fail-safe, set pyautogui.FAILSAFE to False. DISABLING FAIL-SAFE IS NOT RECOMMENDED.
2025-03-07 14:02:30,579 - ERROR - Error in eye navigation: PyAutoGUI fail-safe triggered from mouse moving to a corner of the screen. To disable this fail-safe, set pyautogui.FAILSAFE to False. DISABLING FAIL-SAFE IS NOT RECOMMENDED.
2025-03-07 14:02:30,648 - ERROR - Error in eye navigation: PyAutoGUI fail-safe triggered from mouse moving to a corner of the screen. To disable this fail-safe, set pyautogui.FAILSAFE to False. DISABLING FAIL-SAFE IS NOT RECOMMENDED.
2025-03-07 14:02:30,732 - ERROR - Error in eye navigation: PyAutoGUI fail-safe triggered from mouse moving to a corner of the screen. To disable this fail-safe, set pyautogui.FAILSAFE to False. DISABLING FAIL-SAFE IS NOT RECOMMENDED.
2025-03-07 14:02:30,817 - ERROR - Error in eye navigation: PyAutoGUI fail-safe triggered from mouse moving to a corner of the screen. To disable this fail-safe, set pyautogui.FAILSAFE to False. DISABLING FAIL-SAFE IS NOT RECOMMENDED.
2025-03-07 14:02:30,895 - ERROR - Error in eye navigation: PyAutoGUI fail-safe triggered from mouse moving to a corner of the screen. To disable this fail-safe, set pyautogui.FAILSAFE to False. DISABLING FAIL-SAFE IS NOT RECOMMENDED.
2025-03-07 14:02:30,979 - ERROR - Error in eye navigation: PyAutoGUI fail-safe triggered from mouse moving to a corner of the screen. To disable this fail-safe, set pyautogui.FAILSAFE to False. DISABLING FAIL-SAFE IS NOT RECOMMENDED.
2025-03-07 14:02:31,064 - ERROR - Error in eye navigation: PyAutoGUI fail-safe triggered from mouse moving to a corner of the screen. To disable this fail-safe, set pyautogui.FAILSAFE to False. DISABLING FAIL-SAFE IS NOT RECOMMENDED.
2025-03-07 14:02:31,148 - ERROR - Error in eye navigation: PyAutoGUI fail-safe triggered from mouse moving to a corner of the screen. To disable this fail-safe, set pyautogui.FAILSAFE to False. DISABLING FAIL-SAFE IS NOT RECOMMENDED.
2025-03-07 14:02:31,233 - ERROR - Error in eye navigation: PyAutoGUI fail-safe triggered from mouse moving to a corner of the screen. To disable this fail-safe, set pyautogui.FAILSAFE to False. DISABLING FAIL-SAFE IS NOT RECOMMENDED.
2025-03-07 14:02:31,317 - ERROR - Error in eye navigation: PyAutoGUI fail-safe triggered from mouse moving to a corner of the screen. To disable this fail-safe, set pyautogui.FAILSAFE to False. DISABLING FAIL-SAFE IS NOT RECOMMENDED.
2025-03-07 14:02:31,386 - ERROR - Error in eye navigation: PyAutoGUI fail-safe triggered from mouse moving to a corner of the screen. To disable this fail-safe, set pyautogui.FAILSAFE to False. DISABLING FAIL-SAFE IS NOT RECOMMENDED.
2025-03-07 14:02:31,480 - ERROR - Error in eye navigation: PyAutoGUI fail-safe triggered from mouse moving to a corner of the screen. To disable this fail-safe, set pyautogui.FAILSAFE to False. DISABLING FAIL-SAFE IS NOT RECOMMENDED.
2025-03-07 14:02:31,564 - ERROR - Error in eye navigation: PyAutoGUI fail-safe triggered from mouse moving to a corner of the screen. To disable this fail-safe, set pyautogui.FAILSAFE to False. DISABLING FAIL-SAFE IS NOT RECOMMENDED.
2025-03-07 14:02:31,633 - ERROR - Error in eye navigation: PyAutoGUI fail-safe triggered from mouse moving to a corner of the screen. To disable this fail-safe, set pyautogui.FAILSAFE to False. DISABLING FAIL-SAFE IS NOT RECOMMENDED.
2025-03-07 14:02:31,717 - ERROR - Error in eye navigation: PyAutoGUI fail-safe triggered from mouse moving to a corner of the screen. To disable this fail-safe, set pyautogui.FAILSAFE to False. DISABLING FAIL-SAFE IS NOT RECOMMENDED.
2025-03-07 14:02:31,813 - ERROR - Error in eye navigation: PyAutoGUI fail-safe triggered from mouse moving to a corner of the screen. To disable this fail-safe, set pyautogui.FAILSAFE to False. DISABLING FAIL-SAFE IS NOT RECOMMENDED.
2025-03-07 14:02:31,880 - ERROR - Error in eye navigation: PyAutoGUI fail-safe triggered from mouse moving to a corner of the screen. To disable this fail-safe, set pyautogui.FAILSAFE to False. DISABLING FAIL-SAFE IS NOT RECOMMENDED.
2025-03-07 14:02:31,964 - ERROR - Error in eye navigation: PyAutoGUI fail-safe triggered from mouse moving to a corner of the screen. To disable this fail-safe, set pyautogui.FAILSAFE to False. DISABLING FAIL-SAFE IS NOT RECOMMENDED.
2025-03-07 14:02:32,048 - ERROR - Error in eye navigation: PyAutoGUI fail-safe triggered from mouse moving to a corner of the screen. To disable this fail-safe, set pyautogui.FAILSAFE to False. DISABLING FAIL-SAFE IS NOT RECOMMENDED.
2025-03-07 14:02:32,133 - ERROR - Error in eye navigation: PyAutoGUI fail-safe triggered from mouse moving to a corner of the screen. To disable this fail-safe, set pyautogui.FAILSAFE to False. DISABLING FAIL-SAFE IS NOT RECOMMENDED.
2025-03-07 14:02:32,217 - ERROR - Error in eye navigation: PyAutoGUI fail-safe triggered from mouse moving to a corner of the screen. To disable this fail-safe, set pyautogui.FAILSAFE to False. DISABLING FAIL-SAFE IS NOT RECOMMENDED.
2025-03-07 14:02:32,289 - ERROR - Error in eye navigation: PyAutoGUI fail-safe triggered from mouse moving to a corner of the screen. To disable this fail-safe, set pyautogui.FAILSAFE to False. DISABLING FAIL-SAFE IS NOT RECOMMENDED.
2025-03-07 14:02:32,380 - ERROR - Error in eye navigation: PyAutoGUI fail-safe triggered from mouse moving to a corner of the screen. To disable this fail-safe, set pyautogui.FAILSAFE to False. DISABLING FAIL-SAFE IS NOT RECOMMENDED.
2025-03-07 14:02:32,464 - ERROR - Error in eye navigation: PyAutoGUI fail-safe triggered from mouse moving to a corner of the screen. To disable this fail-safe, set pyautogui.FAILSAFE to False. DISABLING FAIL-SAFE IS NOT RECOMMENDED.
2025-03-07 14:02:32,549 - ERROR - Error in eye navigation: PyAutoGUI fail-safe triggered from mouse moving to a corner of the screen. To disable this fail-safe, set pyautogui.FAILSAFE to False. DISABLING FAIL-SAFE IS NOT RECOMMENDED.
2025-03-07 14:02:32,633 - ERROR - Error in eye navigation: PyAutoGUI fail-safe triggered from mouse moving to a corner of the screen. To disable this fail-safe, set pyautogui.FAILSAFE to False. DISABLING FAIL-SAFE IS NOT RECOMMENDED.
2025-03-07 14:02:32,716 - ERROR - Error in eye navigation: PyAutoGUI fail-safe triggered from mouse moving to a corner of the screen. To disable this fail-safe, set pyautogui.FAILSAFE to False. DISABLING FAIL-SAFE IS NOT RECOMMENDED.
2025-03-07 14:02:32,798 - ERROR - Error in eye navigation: PyAutoGUI fail-safe triggered from mouse moving to a corner of the screen. To disable this fail-safe, set pyautogui.FAILSAFE to False. DISABLING FAIL-SAFE IS NOT RECOMMENDED.
2025-03-07 14:02:39,161 - WARNING - No faces detected.
2025-03-07 14:02:39,377 - INFO - Blink detected. Performing click.
2025-03-07 14:02:40,079 - INFO - Blink detected. Performing click.
2025-03-07 14:02:46,306 - WARNING - No faces detected.
2025-03-07 14:02:46,522 - WARNING - No faces detected.
2025-03-07 14:02:46,722 - WARNING - No faces detected.
2025-03-07 14:02:46,944 - WARNING - No faces detected.
2025-03-07 14:02:47,145 - WARNING - No faces detected.
2025-03-07 14:02:47,345 - WARNING - No faces detected.
2025-03-07 14:02:47,538 - WARNING - No faces detected.
2025-03-07 14:02:47,736 - WARNING - No faces detected.
2025-03-07 14:02:47,946 - WARNING - No faces detected.
2025-03-07 14:02:53,037 - INFO - Blink detected. Performing click.
2025-03-07 14:02:55,022 - WARNING - No faces detected.
2025-03-07 14:02:55,222 - WARNING - No faces detected.
2025-03-07 14:02:55,423 - WARNING - No faces detected.
2025-03-07 14:02:55,623 - WARNING - No faces detected.
2025-03-07 14:02:55,839 - WARNING - No faces detected.
2025-03-07 14:02:56,039 - WARNING - No faces detected.
2025-03-07 14:02:56,224 - WARNING - No faces detected.
2025-03-07 14:02:56,425 - WARNING - No faces detected.
2025-03-07 14:02:56,625 - WARNING - No faces detected.
2025-03-07 14:02:56,826 - WARNING - No faces detected.
2025-03-07 14:02:57,010 - WARNING - No faces detected.
2025-03-07 14:02:57,211 - WARNING - No faces detected.
2025-03-07 14:02:58,028 - WARNING - No faces detected.
2025-03-07 14:02:58,228 - WARNING - No faces detected.
2025-03-07 14:02:58,429 - WARNING - No faces detected.
2025-03-07 14:02:58,629 - WARNING - No faces detected.
2025-03-07 14:02:58,813 - WARNING - No faces detected.
2025-03-07 14:02:58,998 - WARNING - No faces detected.
2025-03-07 14:02:59,198 - WARNING - No faces detected.
2025-03-07 14:03:05,495 - INFO - Blink detected. Performing click.
2025-03-07 14:03:07,883 - INFO - Blink detected. Performing click.
2025-03-07 14:03:11,652 - INFO - Blink detected. Performing click.
2025-03-07 14:03:16,063 - WARNING - No faces detected.
2025-03-07 14:03:16,263 - WARNING - No faces detected.
2025-03-07 14:03:16,463 - WARNING - No faces detected.
2025-03-07 14:03:16,664 - WARNING - No faces detected.
2025-03-07 14:03:16,864 - WARNING - No faces detected.
2025-03-07 14:03:17,048 - WARNING - No faces detected.
2025-03-07 14:03:24,063 - INFO - Blink detected. Performing click.
2025-03-07 14:03:24,805 - INFO - Blink detected. Performing click.
